\BOOKMARK [0][]{chapter.1}{1 Introduction}{}
\BOOKMARK [0][]{chapter.2}{2 Vibrational Solvatochromism}{}
\BOOKMARK [1][-]{section.2.1}{2.1 Overview}{chapter.2}
\BOOKMARK [1][-]{section.2.2}{2.2 Infrared Probes}{chapter.2}
\BOOKMARK [1][-]{section.2.3}{2.3 Understanding the Vibrational Solvatochromism}{chapter.2}
\BOOKMARK [1][-]{section.2.4}{2.4 Signs of Non-Electrostatic Vibrational Solvatochromism}{chapter.2}
\BOOKMARK [1][-]{section.2.5}{2.5 Summary}{chapter.2}
\BOOKMARK [0][]{chapter.3}{3 Vibrational Solvatochromism Theory}{}
\BOOKMARK [1][-]{section.3.1}{3.1 Overview}{chapter.3}
\BOOKMARK [1][-]{section.3.2}{3.2 Buckingham's model }{chapter.3}
\BOOKMARK [2][-]{subsection.3.2.1}{3.2.1 First-order frequency shift}{section.3.2}
\BOOKMARK [2][-]{subsection.3.2.2}{3.2.2 Second-order frequency shift}{section.3.2}
\BOOKMARK [2][-]{subsection.3.2.3}{3.2.3 Structural Distortion}{section.3.2}
\BOOKMARK [1][-]{section.3.3}{3.3 Cho's model}{chapter.3}
\BOOKMARK [2][-]{subsection.3.3.1}{3.3.1 Weak coupling approximation}{section.3.3}
\BOOKMARK [2][-]{subsection.3.3.2}{3.3.2 Electric and mechanical anharmonicity}{section.3.3}
\BOOKMARK [2][-]{subsection.3.3.3}{3.3.3 Vibrational Electrochromism}{section.3.3}
\BOOKMARK [1][-]{section.3.4}{3.4 Relationships between Cho's and Buckingham's models}{chapter.3}
\BOOKMARK [1][-]{section.3.5}{3.5 Structural Distortions: Discussion }{chapter.3}
\BOOKMARK [1][-]{section.3.6}{3.6 Vibrational Transition Dipole}{chapter.3}
\BOOKMARK [1][-]{section.3.7}{3.7 Summary}{chapter.3}
\BOOKMARK [0][]{chapter.4}{4 Rigorous Models of Vibrational Solvatochromism }{}
\BOOKMARK [1][-]{section.4.1}{4.1 Implicit model: Coulombic and induction effects}{chapter.4}
\BOOKMARK [2][-]{subsection.4.1.1}{4.1.1 Rigid molecule approximation}{section.4.1}
\BOOKMARK [2][-]{subsection.4.1.2}{4.1.2 Structural distortion effect: Iterative method}{section.4.1}
\BOOKMARK [2][-]{subsection.4.1.3}{4.1.3 The nature of interactions in Onsager model}{section.4.1}
\BOOKMARK [1][-]{section.4.2}{4.2 Explicit model: Coarse-graining}{chapter.4}
\BOOKMARK [2][-]{subsection.4.2.1}{4.2.1 Coulombic Effects}{section.4.2}
\BOOKMARK [2][-]{subsection.4.2.2}{4.2.2 Polarization and dispersion effects}{section.4.2}
\BOOKMARK [3][-]{subsubsection.4.2.2.1}{4.2.2.1 Induction effects}{subsection.4.2.2}
\BOOKMARK [3][-]{subsubsection.4.2.2.2}{4.2.2.2 Dispersion effects}{subsection.4.2.2}
\BOOKMARK [2][-]{subsection.4.2.3}{4.2.3 Exchange-repulsion effects}{section.4.2}
\BOOKMARK [2][-]{subsection.4.2.4}{4.2.4 Charge transfer effects}{section.4.2}
\BOOKMARK [1][-]{section.4.3}{4.3 Modeling the solute's far environment}{chapter.4}
\BOOKMARK [2][-]{subsection.4.3.1}{4.3.1 Long-range Coulombic correction}{section.4.3}
\BOOKMARK [2][-]{subsection.4.3.2}{4.3.2 Long-range induction correction}{section.4.3}
\BOOKMARK [2][-]{subsection.4.3.3}{4.3.3 Long-range dispersion correction}{section.4.3}
\BOOKMARK [1][-]{section.4.4}{4.4 Working models of vibrational solvatochromism}{chapter.4}
\BOOKMARK [2][-]{subsection.4.4.1}{4.4.1 Distributed muptipole models: SolDMA, SolCAMM and SolLMTP}{section.4.4}
\BOOKMARK [2][-]{subsection.4.4.2}{4.4.2 SolEFP, SolEDS and SolSAPT models}{section.4.4}
\BOOKMARK [3][-]{subsubsection.4.4.2.1}{4.4.2.1 SolEFP model}{subsection.4.4.2}
\BOOKMARK [3][-]{subsubsection.4.4.2.2}{4.4.2.2 SolEDS model}{subsection.4.4.2}
\BOOKMARK [3][-]{subsubsection.4.4.2.3}{4.4.2.3 SolSAPT model}{subsection.4.4.2}
\BOOKMARK [1][-]{section.4.5}{4.5 Going beyond weak coupling approximation}{chapter.4}
\BOOKMARK [2][-]{subsection.4.5.1}{4.5.1 Towards quantitative modeling}{section.4.5}
\BOOKMARK [2][-]{subsection.4.5.2}{4.5.2 Coupling between two modes}{section.4.5}
\BOOKMARK [2][-]{subsection.4.5.3}{4.5.3 Coupling between three modes}{section.4.5}
\BOOKMARK [1][-]{section.4.6}{4.6 Summary}{chapter.4}
\BOOKMARK [0][]{chapter.5}{5 Vibrational solvatochromism of amide I mode}{}
\BOOKMARK [1][-]{section.5.1}{5.1 Overview}{chapter.5}
\BOOKMARK [1][-]{section.5.2}{5.2 Small model solute-solvent clusters}{chapter.5}
\BOOKMARK [2][-]{subsection.5.2.1}{5.2.1 Frequency shifts from Onsager model}{section.5.2}
\BOOKMARK [2][-]{subsection.5.2.2}{5.2.2 Frequency shifts from solvatochromic multipoles}{section.5.2}
\BOOKMARK [3][-]{subsubsection.5.2.2.1}{5.2.2.1 Rigid molecule algorithm}{subsection.5.2.2}
\BOOKMARK [3][-]{subsubsection.5.2.2.2}{5.2.2.2 Frequency shifts from molecular multipole moments}{subsection.5.2.2}
\BOOKMARK [3][-]{subsubsection.5.2.2.3}{5.2.2.3 Frequency shifts from distributed multipoles}{subsection.5.2.2}
\BOOKMARK [2][-]{subsection.5.2.3}{5.2.3 Beyond Coulombic approximation}{section.5.2}
\BOOKMARK [3][-]{subsubsection.5.2.3.1}{5.2.3.1 Hartree-Fock approximation}{subsection.5.2.3}
\BOOKMARK [3][-]{subsubsection.5.2.3.2}{5.2.3.2 Electron correlation effects}{subsection.5.2.3}
\BOOKMARK [3][-]{subsubsection.5.2.3.3}{5.2.3.3 Orientation and distance-dependence of frequency shift components}{subsection.5.2.3}
\BOOKMARK [1][-]{section.5.3}{5.3 Modelling vibrational solvatochromism in bulk}{chapter.5}
\BOOKMARK [1][-]{section.5.4}{5.4 Discussion}{chapter.5}
\BOOKMARK [2][-]{subsection.5.4.1}{5.4.1 Origins of vibrational solvatochromism}{section.5.4}
\BOOKMARK [2][-]{subsection.5.4.2}{5.4.2 On the applicability of Onsager model}{section.5.4}
\BOOKMARK [1][-]{section.5.5}{5.5 Summary}{chapter.5}
\BOOKMARK [0][]{chapter.6}{6 The Solvshift program}{}
\BOOKMARK [1][-]{section.6.1}{6.1 Overview}{chapter.6}
\BOOKMARK [1][-]{section.6.2}{6.2 Modules}{chapter.6}
\BOOKMARK [2][-]{subsection.6.2.1}{6.2.1 Rigid molecule algorithm}{section.6.2}
\BOOKMARK [1][-]{section.6.3}{6.3 Usage}{chapter.6}
\BOOKMARK [1][-]{section.6.4}{6.4 Summary and outline of future development}{chapter.6}
\BOOKMARK [0][]{section*.264}{Appendices}{}
\BOOKMARK [0][]{Appendix.a.A}{A Molecular Vibrations}{}
\BOOKMARK [1][-]{section.a.A.1}{A.1 The harmonic oscillator}{Appendix.a.A}
\BOOKMARK [2][-]{subsection.a.A.1.1}{A.1.1 Some important matrix elements}{section.a.A.1}
\BOOKMARK [1][-]{section.a.A.2}{A.2 Vibrational analysis of polyatomic molecule}{Appendix.a.A}
\BOOKMARK [1][-]{section.a.A.3}{A.3 Mass-weighted coordinates}{Appendix.a.A}
\BOOKMARK [0][]{Appendix.a.B}{B Correction terms for the evaluation of Coul}{}
\BOOKMARK [1][-]{section.a.B.1}{B.1 Asymptotic analysis of the correction terms}{Appendix.a.B}
\BOOKMARK [1][-]{section.a.B.2}{B.2 Analysis of the convergence properties of Eq. \(??\)}{Appendix.a.B}
\BOOKMARK [0][]{Appendix.a.C}{C Distributed multipole analysis}{}
\BOOKMARK [1][-]{section.a.C.1}{C.1 DMA method}{Appendix.a.C}
\BOOKMARK [1][-]{section.a.C.2}{C.2 CAMM method}{Appendix.a.C}
\BOOKMARK [1][-]{section.a.C.3}{C.3 LMTP method}{Appendix.a.C}
\BOOKMARK [0][]{Appendix.a.D}{D Computational Details}{}
\BOOKMARK [1][-]{section.a.D.1}{D.1 Chapter 4}{Appendix.a.D}
\BOOKMARK [2][-]{subsection.a.D.1.1}{D.1.1 Onsager model}{section.a.D.1}
\BOOKMARK [2][-]{subsection.a.D.1.2}{D.1.2 SolCAMM, SolMMM, SolChelpG}{section.a.D.1}
\BOOKMARK [2][-]{subsection.a.D.1.3}{D.1.3 SolEFP calculations}{section.a.D.1}
\BOOKMARK [2][-]{subsection.a.D.1.4}{D.1.4 SolEDS calculations}{section.a.D.1}
\BOOKMARK [3][-]{subsubsection.a.D.1.4.1}{D.1.4.1 Constrained cluster method}{subsection.a.D.1.4}
\BOOKMARK [2][-]{subsection.a.D.1.5}{D.1.5 Numerical differentiation of molecular properties}{section.a.D.1}
\BOOKMARK [2][-]{subsection.a.D.1.6}{D.1.6 Classical molecular dynamics simulations}{section.a.D.1}
\BOOKMARK [0][]{Appendix.a.E}{E Experiments}{}
